<?xml version="1.0" encoding="UTF-8"?>
<testsuite errors="0" failures="1" name="Search Articles" tests="1" time="0.687774">
<testcase classname="Search Articles.Searching for a document in the full text" name="Searching for a document in the full text" time="0.687774">
  <failure message="failed Searching for a document in the full text" type="failed">
    <![CDATA[Scenario: Searching for a document in the full text

Given I am on the home page
When I search for '"FMCSA removes turbochargers from the list of noise dissipative devices"'
Then I should see a link to '/articles/2010/09/20/2010-23419/compliance-with-interstate-motor-carrier-noise-emission-standards-exhaust-systems'

Message:
]]>
    <![CDATA[expected following output to contain a <a[href='/articles/2010/09/20/2010-23419/compliance-with-interstate-motor-carrier-noise-emission-standards-exhaust-systems']/> tag:
<!DOCTYPE html>
<html>
<head>
<meta http-equiv="Content-Type" content="text/html; charset=utf-8">
<title>Federal Register | Article Search Results for '"FMCSA removes turbochargers from the list of noise dissipative devices"'</title>
<meta name="keywords" content="government federal register executive rulings notices">
<meta content="Article Search Results for '&quot;FMCSA removes turbochargers from the list of noise dissipative devices&quot;'" name="title">
<link rel="Shortcut Icon" href="/favicon.ico">
<link rel="image_src" href="http://www.federalregister.gov/images/fbdisplay.jpg">
<meta name="medium" content="news">
<script type="text/javascript" src="https://use.typekit.com/qbb7wou.js"></script><script type="text/javascript">try{Typekit.load();}catch(e){}</script><link href="http://assets0.fr2.criticaljuncture.org/stylesheets/screen.css?f5a3a41a4eb5961702ad97dc179fdfde1955eef4" media="screen" rel="stylesheet" type="text/css">
<link href="http://assets1.fr2.criticaljuncture.org/stylesheets/print.css?f5a3a41a4eb5961702ad97dc179fdfde1955eef4" media="print" rel="stylesheet" type="text/css">
<!--[if lt IE 9]>
      <link href="http://assets2.fr2.criticaljuncture.org/stylesheets/ie.css?f5a3a41a4eb5961702ad97dc179fdfde1955eef4" media="screen" rel="stylesheet" type="text/css" />  
    <![endif]--><!--[if lt IE 7]>
      <link href="http://assets2.fr2.criticaljuncture.org/stylesheets/ie6.css?f5a3a41a4eb5961702ad97dc179fdfde1955eef4" media="screen" rel="stylesheet" type="text/css" />
    <![endif]--><script src="http://assets2.fr2.criticaljuncture.org/javascripts/vendor/jquery.js?f5a3a41a4eb5961702ad97dc179fdfde1955eef4" type="text/javascript"></script><script src="http://assets0.fr2.criticaljuncture.org/javascripts/vendor/jrails.js?f5a3a41a4eb5961702ad97dc179fdfde1955eef4" type="text/javascript"></script><script src="http://assets2.fr2.criticaljuncture.org/javascripts/vendor/dragdealer.js?f5a3a41a4eb5961702ad97dc179fdfde1955eef4" type="text/javascript"></script><script src="http://assets2.fr2.criticaljuncture.org/javascripts/vendor/footnotes.js?f5a3a41a4eb5961702ad97dc179fdfde1955eef4" type="text/javascript"></script><script src="http://assets3.fr2.criticaljuncture.org/javascripts/vendor/jqModal.js?f5a3a41a4eb5961702ad97dc179fdfde1955eef4" type="text/javascript"></script><script src="http://assets0.fr2.criticaljuncture.org/javascripts/vendor/jquery.history.js?f5a3a41a4eb5961702ad97dc179fdfde1955eef4" type="text/javascript"></script><script src="http://assets3.fr2.criticaljuncture.org/javascripts/vendor/jquery.tabs.js?f5a3a41a4eb5961702ad97dc179fdfde1955eef4" type="text/javascript"></script><script src="http://assets2.fr2.criticaljuncture.org/javascripts/vendor/jquery.textPlaceholder.js?f5a3a41a4eb5961702ad97dc179fdfde1955eef4" type="text/javascript"></script><script src="http://assets1.fr2.criticaljuncture.org/javascripts/vendor/jquery.tinysort.min.js?f5a3a41a4eb5961702ad97dc179fdfde1955eef4" type="text/javascript"></script><script src="http://assets2.fr2.criticaljuncture.org/javascripts/vendor/jquery.utilities.js?f5a3a41a4eb5961702ad97dc179fdfde1955eef4" type="text/javascript"></script><script src="http://assets1.fr2.criticaljuncture.org/javascripts/vendor/template.js?f5a3a41a4eb5961702ad97dc179fdfde1955eef4" type="text/javascript"></script><script src="http://assets3.fr2.criticaljuncture.org/javascripts/all.js?f5a3a41a4eb5961702ad97dc179fdfde1955eef4" type="text/javascript"></script><link href="/articles/search.rss?commitGo=&amp;conditions%5Bterm%5D%5B%22FMCSA+removes+turbochargers+from+the+list+of+noise+dissipative+devices%22%5D=" rel="alternate" title="Federal Register: Search Results" type="application/rss+xml">
</head>
<body id="search" class="show">
        
    <a href="#main" title="Skip to Content" class="skip_to_content">Skip to Content</a>
    
    <div id="print-disclaimer"></div>
    
    <header><div class="header" id="header">
      <nav><div class="nav" id="primary_nav">
  <ul>
<li class=" money one_word trick_ie6"><a href="/money">Money</a></li>
    
      <li class=" environment one_word trick_ie6"><a href="/environment">Environment</a></li>
    
      <li class=" world one_word trick_ie6"><a href="/world">World</a></li>
    
      <li class=" science-and-technology  trick_ie6"><a href="/science-and-technology">Science &amp; Technology</a></li>
    
      <li class=" business-and-industry  trick_ie6"><a href="/business-and-industry">Business &amp; Industry</a></li>
    
      <li class=" health-and-public-welfare  trick_ie6"><a href="/health-and-public-welfare">Health &amp; Public Welfare</a></li>
    
  </ul>
</div></nav><div id="search_bar">
        <div id="search_container">
          <form action="/articles/search" method="get" id="search">
            <label for="term">Search the Federal Register</label>
            <input id="term" name="conditions[term]" placeholder="Search Articles" title="Search Articles" type="text"><input class="search_btn" name="commit" type="submit" value="Go">
</form>
          <div id="browse_container">
            <a href="/agencies">Browse Agencies</a>
            <a href="/topics">Browse Topics</a>
          </div>
        </div>
      </div>  
      
      
      <div id="header_logo" class="hgroup">
        <hgroup><h1><a href="/" title="Federal Register Home">The Federal Register</a></h1>
          <h2>The Daily Journal of the United States Government</h2>
        </hgroup>
</div>
      
    </div></header><div id="main">
      


<h1 class="title"><span>Search Articles</span></h1>



<ul class="tabs">
<li class="on"><a href="/articles/search?conditions%5Bterm%5D%5B%22FMCSA+removes+turbochargers+from+the+list+of+noise+dissipative+devices%22%5D=">Articles</a></li>
  
  
  
    <li><a href="/events/search?conditions%5Bterm%5D%5B%22FMCSA+removes+turbochargers+from+the+list+of+noise+dissipative+devices%22%5D=">Events <span class="number_of_results">1</span></a></li>
  

  
    <li><a href="/regulations/search?conditions%5Bterm%5D%5B%22FMCSA+removes+turbochargers+from+the+list+of+noise+dissipative+devices%22%5D=">Unified Agenda Items <span class="number_of_results">0</span></a></li>
  
</ul>
<div class="search_bar">
  
  <form action="/articles/search" method="get">
    <label>Find</label>
    <input id="conditions_term" name="conditions[term]" placeholder="Search term or citation" size="30" type="text" value='"FMCSA removes turbochargers from the list of noise dissipative devices"'><input id="conditions_submit" name="commit" type="submit" value="Search">
</form>
  
  <div class="actions">
    <a href="http://www.fr2.criticaljuncture.org/articles/search.rss?commitGo=&amp;conditions%5Bterm%5D%5B%22FMCSA+removes+turbochargers+from+the+list+of+noise+dissipative+devices%22%5D=&amp;order=date&amp;quiet=true" class="rss">Subscribe</a>
    
  </div>
  
</div>



<div class="filters">
  
  <h4>Date</h4>
  <ul>
<li class="">
  <a href="/articles/search?commitGo=&amp;conditions%5Bstart_date%5D=10%2F02%2F2010&amp;conditions%5Bterm%5D%5B%22FMCSA+removes+turbochargers+from+the+list+of+noise+dissipative+devices%22%5D=&amp;facet=date" class="facet_name">Past 30 days</a>
  <span class="count">0</span>
</li>
<li class="">
  <a href="/articles/search?commitGo=&amp;conditions%5Bstart_date%5D=08%2F03%2F2010&amp;conditions%5Bterm%5D%5B%22FMCSA+removes+turbochargers+from+the+list+of+noise+dissipative+devices%22%5D=&amp;facet=date" class="facet_name">Past 90 days</a>
  <span class="count">1</span>
</li>
<li class="">
  <a href="/articles/search?commitGo=&amp;conditions%5Bstart_date%5D=11%2F01%2F2009&amp;conditions%5Bterm%5D%5B%22FMCSA+removes+turbochargers+from+the+list+of+noise+dissipative+devices%22%5D=&amp;facet=date" class="facet_name">Past 365 days</a>
  <span class="count">1</span>
</li>

    
  </ul>
<!-- <li></li> --><h4>Type</h4>
  <ul>
<li class="">
  <a href="/articles/search?commitGo=&amp;conditions%5Bterm%5D%5B%22FMCSA+removes+turbochargers+from+the+list+of+noise+dissipative+devices%22%5D=&amp;conditions%5Btype%5D=RULE&amp;facet=type" class="facet_name">Rule</a>
  <span class="count">1</span>
</li>

    
  </ul>
<h4>Section</h4>
  <ul>
<li class="">
  <a href="/articles/search?commitGo=&amp;conditions%5Bsection_ids%5D=5&amp;conditions%5Bterm%5D%5B%22FMCSA+removes+turbochargers+from+the+list+of+noise+dissipative+devices%22%5D=&amp;facet=section" class="facet_name">Business &amp; Industry</a>
  <span class="count">1</span>
</li>
<li class="">
  <a href="/articles/search?commitGo=&amp;conditions%5Bsection_ids%5D=6&amp;conditions%5Bterm%5D%5B%22FMCSA+removes+turbochargers+from+the+list+of+noise+dissipative+devices%22%5D=&amp;facet=section" class="facet_name">Health &amp; Public Welfare</a>
  <span class="count">1</span>
</li>

    
  </ul>
<h4>Agency</h4>
  <ul>
<li class="">
  <a href="/articles/search?commitGo=&amp;conditions%5Bagency_ids%5D%5B%5D=181&amp;conditions%5Bterm%5D%5B%22FMCSA+removes+turbochargers+from+the+list+of+noise+dissipative+devices%22%5D=&amp;facet=agency" class="facet_name">Federal Motor Carrier Safety Administration</a>
  <span class="count">1</span>
</li>
<li class="">
  <a href="/articles/search?commitGo=&amp;conditions%5Bagency_ids%5D%5B%5D=492&amp;conditions%5Bterm%5D%5B%22FMCSA+removes+turbochargers+from+the+list+of+noise+dissipative+devices%22%5D=&amp;facet=agency" class="facet_name">Transportation Department</a>
  <span class="count">1</span>
</li>

    
  </ul>
<div> </div>


  
  <form action="/articles/search" method="get">
<h4>Near</h4>
<ul>
<li class="location">
    
      
        <input id="" name="conditions[term]" type="hidden" value='"FMCSA removes turbochargers from the list of noise dissipative devices"'><input class="zip" id="conditions_location" name="conditions[location]" placeholder="Zip Code" size="30" type="text"><select id="conditions_within" name="conditions[within]"><option value="5">5 miles</option>
<option value="10">10 miles</option>
<option value="25" selected>25 miles</option>
<option value="50">50 miles</option>
<option value="100">100 miles</option>
<option value="200">200 miles</option></select><input class="submit" id="conditions_submit" name="commit" type="submit" value="Go">
</li>
</ul>
</form>
</div>

 
    </div>

    <footer><div class="footer" id="footer">        
      <div class="wrapper">
  
  <div class="grid_2">
    <h2>Home</h2>
    <ul class="bullets">
<li><a href="/" title="Home">Home</a></li>
    </ul>
</div>
    
  <div class="grid_3">
    <h2>Sections</h2>
    <nav><div class="nav" id="site_map_nav">
      <ul class="bullets">
<li><a href="/money">Money</a></li>
        
          <li><a href="/environment">Environment</a></li>
        
          <li><a href="/world">World</a></li>
        
          <li><a href="/science-and-technology">Science &amp; Technology</a></li>
        
          <li><a href="/business-and-industry">Business &amp; Industry</a></li>
        
          <li><a href="/health-and-public-welfare">Health &amp; Public Welfare</a></li>
        
      </ul>
</div></nav>
</div>
  
  <div class="grid_2">
    <h2>Browse</h2>
    <nav><div class="nav">
      <ul class="bullets">
<li><a href="/agencies">Agencies</a></li>
        <li><a href="/topics">Topics</a></li>
      </ul>
</div></nav>
</div>
  
  <div class="grid_3">
    <h2>Policy</h2>
    <ul class="bullets">
<li><a href="/policy/about-us">About Us</a></li>
      <li><a href="/policy/legal-status">Legal Status</a></li>
      <li><a href="/policy/user-information">User Information</a></li>
      <li><a href="/policy/contact-us">Contact Us</a></li>
      <li><a href="/policy/privacy">Privacy</a></li>
      <li><a href="/policy/accessibility">Accessibility</a></li>
      <li><a href="/policy/FOIA">FOIA</a></li>
      <li><a href="/policy/no-fear">No Fear Act</a></li>
    </ul>
</div>
  
  <div class="grid_3">
    <h2>Learn</h2>
    <ul class="bullets">
<li><a href="/learn/about">About the Federal Register</a></li>
      <li><a href="/learn/ofr-services">OFR Publications &amp; Services</a></li>
      <li><a href="/learn/research">Document Drafting &amp; Research</a></li>
      <li><a href="/learn/journals">Regulatory Journals &amp; Articles</a></li>
    </ul>
</div>
  
</div>
    </div></footer><script type="text/javascript">
var gaJsHost = (("https:" == document.location.protocol) ? "https://ssl." : "http://www.");
document.write(unescape("%3Cscript src='" + gaJsHost + "google-analytics.com/ga.js' type='text/javascript'%3E%3C/script%3E"));
</script><script type="text/javascript">
try {
var pageTracker = _gat._getTracker("UA-17607887-1");

pageTracker._trackPageview()

} catch(err) {}</script><a href="http://federalregister.tenderapp.com/discussion/new?discussion" id="tender" class="trigger_tender">Site Feedback</a>
    
    <script>
      Tender = {
        hideToggle: true,
        widgetToggles: $(".trigger_tender")
      }
    </script><script src="/javascripts/vendor/tender_widget.js"></script>
</body>
</html>
 (Spec::Expectations::ExpectationNotMetError)
./features/step_definitions/search_steps.rb:11:in `/^I should see a link to '([^\']*)'$/'
features/search.feature:8:in `Then I should see a link to '/articles/2010/09/20/2010-23419/compliance-with-interstate-motor-carrier-noise-emission-standards-exhaust-systems'']]>
  </failure>
</testcase>
</testsuite>
